<?xml version="1.0" encoding="UTF-8"?>
<testsuite name="Login on utest" tests="1" skipped="0" failures="0" errors="0" timestamp="2021-05-04T21:19:21" hostname="DESKTOP-PKT53G6" time="31.372">
  <properties/>
  <testcase name="Try to login in that website" classname="Login on utest" time="31.372"/>
  <system-out><![CDATA[]]></system-out>
  <system-err><![CDATA[[Test worker] WARN net.thucydides.core.steps.BaseStepListener - stepStarted: net.thucydides.core.steps.ExecutedStepDescription@7165ccb6
[Test worker] WARN net.thucydides.core.steps.BaseStepListener - stepStarted: net.thucydides.core.steps.ExecutedStepDescription@1daf5ec0
[Test worker] WARN net.thucydides.core.steps.BaseStepListener - stepStarted: net.thucydides.core.steps.ExecutedStepDescription@7036d725
may 04, 2021 4:19:22 PM org.openqa.selenium.remote.DesiredCapabilities chrome
INFORMACIÓN: Using `new ChromeOptions()` is preferred to `DesiredCapabilities.chrome()`
[Test worker] INFO net.serenitybdd.core.webdriver.driverproviders.ProvideNewDriver - Instantiating driver
[Test worker] INFO net.serenitybdd.core.webdriver.driverproviders.ProvideNewDriver - Driver capabilities: Capabilities {acceptInsecureCerts: false, browserName: chrome, chrome.switches: --start-maximized, goog:chromeOptions: {args: [--start-maximized], extensions: []}, loggingPrefs: org.openqa.selenium.logging..., platform: ANY, version: }
Starting ChromeDriver 90.0.4430.24 (4c6d850f087da467d926e8eddb76550aed655991-refs/branch-heads/4430@{#429}) on port 11114
Only local connections are allowed.
Please see https://chromedriver.chromium.org/security-considerations for suggestions on keeping ChromeDriver safe.
ChromeDriver was started successfully.
may 04, 2021 4:19:25 PM org.openqa.selenium.remote.ProtocolHandshake createSession
INFORMACIÓN: Detected dialect: W3C
[Test worker] WARN net.thucydides.core.steps.BaseStepListener - stepFinished: current outcome:Try to login in that website:Given than anyer wants to join at Utest [Anyer open firts page [Anyer opens the Utest page]]
[Test worker] WARN net.thucydides.core.steps.BaseStepListener - stepFinished: current outcome:Try to login in that website:Given than anyer wants to join at Utest [Anyer open firts page [Anyer opens the Utest page]]
[Test worker] WARN net.thucydides.core.steps.BaseStepListener - stepStarted: net.thucydides.core.steps.ExecutedStepDescription@1c050c98
[Test worker] WARN net.thucydides.core.steps.BaseStepListener - stepStarted: net.thucydides.core.steps.ExecutedStepDescription@4245e8cf
[Test worker] WARN net.thucydides.core.steps.BaseStepListener - stepFinished: current outcome:Try to login in that website:Given than anyer wants to join at Utest [Anyer open firts page [Anyer opens the Utest page], Anyer login [Anyer clicks on Button to join Utest form]]
[Test worker] WARN net.thucydides.core.steps.BaseStepListener - stepStarted: net.thucydides.core.steps.ExecutedStepDescription@2f2c435b
[Test worker] WARN net.thucydides.core.steps.BaseStepListener - stepFinished: current outcome:Try to login in that website:Given than anyer wants to join at Utest [Anyer open firts page [Anyer opens the Utest page], Anyer login [Anyer clicks on Button to join Utest form, Anyer enters 'anyer smith' into Input for name]]
[Test worker] WARN net.thucydides.core.steps.BaseStepListener - stepStarted: net.thucydides.core.steps.ExecutedStepDescription@5393fc7c
[Test worker] WARN net.thucydides.core.steps.BaseStepListener - stepFinished: current outcome:Try to login in that website:Given than anyer wants to join at Utest [Anyer open firts page [Anyer opens the Utest page], Anyer login [Anyer clicks on Button to join Utest form, Anyer enters 'anyer smith' into Input for name, Anyer enters 'Contreras Velez' into Input for last_name]]
[Test worker] WARN net.thucydides.core.steps.BaseStepListener - stepStarted: net.thucydides.core.steps.ExecutedStepDescription@531682f4
[Test worker] WARN net.thucydides.core.steps.BaseStepListener - stepFinished: current outcome:Try to login in that website:Given than anyer wants to join at Utest [Anyer open firts page [Anyer opens the Utest page], Anyer login [Anyer clicks on Button to join Utest form, Anyer enters 'anyer smith' into Input for name, Anyer enters 'Contreras Velez' into Input for last_name, Anyer enters 'anger011@gmail.com' into Input for email]]
[Test worker] WARN net.thucydides.core.steps.BaseStepListener - stepStarted: net.thucydides.core.steps.ExecutedStepDescription@d79b7f1
[Test worker] WARN net.thucydides.core.steps.BaseStepListener - stepFinished: current outcome:Try to login in that website:Given than anyer wants to join at Utest [Anyer open firts page [Anyer opens the Utest page], Anyer login [Anyer clicks on Button to join Utest form, Anyer enters 'anyer smith' into Input for name, Anyer enters 'Contreras Velez' into Input for last_name, Anyer enters 'anger011@gmail.com' into Input for email, Anyer select June on List to select month]]
[Test worker] WARN net.thucydides.core.steps.BaseStepListener - stepStarted: net.thucydides.core.steps.ExecutedStepDescription@16b3db76
[Test worker] WARN net.thucydides.core.steps.BaseStepListener - stepFinished: current outcome:Try to login in that website:Given than anyer wants to join at Utest [Anyer open firts page [Anyer opens the Utest page], Anyer login [Anyer clicks on Button to join Utest form, Anyer enters 'anyer smith' into Input for name, Anyer enters 'Contreras Velez' into Input for last_name, Anyer enters 'anger011@gmail.com' into Input for email, Anyer select June on List to select month, Anyer select 2 on List to select day]]
[Test worker] WARN net.thucydides.core.steps.BaseStepListener - stepStarted: net.thucydides.core.steps.ExecutedStepDescription@f08bd89
[Test worker] WARN net.thucydides.core.steps.BaseStepListener - stepFinished: current outcome:Try to login in that website:Given than anyer wants to join at Utest [Anyer open firts page [Anyer opens the Utest page], Anyer login [Anyer clicks on Button to join Utest form, Anyer enters 'anyer smith' into Input for name, Anyer enters 'Contreras Velez' into Input for last_name, Anyer enters 'anger011@gmail.com' into Input for email, Anyer select June on List to select month, Anyer select 2 on List to select day, Anyer select 1994 on List to select year]]
[Test worker] WARN net.thucydides.core.steps.BaseStepListener - stepStarted: net.thucydides.core.steps.ExecutedStepDescription@20faddf8
[Test worker] WARN net.thucydides.core.steps.BaseStepListener - stepFinished: current outcome:Try to login in that website:Given than anyer wants to join at Utest [Anyer open firts page [Anyer opens the Utest page], Anyer login [Anyer clicks on Button to join Utest form, Anyer enters 'anyer smith' into Input for name, Anyer enters 'Contreras Velez' into Input for last_name, Anyer enters 'anger011@gmail.com' into Input for email, Anyer select June on List to select month, Anyer select 2 on List to select day, Anyer select 1994 on List to select year, Anyer clicks on Button to go location form]]
[Test worker] WARN net.thucydides.core.steps.BaseStepListener - stepStarted: net.thucydides.core.steps.ExecutedStepDescription@43db23b7
[Test worker] WARN net.thucydides.core.steps.BaseStepListener - stepFinished: current outcome:Try to login in that website:Given than anyer wants to join at Utest [Anyer open firts page [Anyer opens the Utest page], Anyer login [Anyer clicks on Button to join Utest form, Anyer enters 'anyer smith' into Input for name, Anyer enters 'Contreras Velez' into Input for last_name, Anyer enters 'anger011@gmail.com' into Input for email, Anyer select June on List to select month, Anyer select 2 on List to select day, Anyer select 1994 on List to select year, Anyer clicks on Button to go location form, Anyer types 'ENTER' in Input for city]]
[Test worker] WARN net.thucydides.core.steps.BaseStepListener - stepStarted: net.thucydides.core.steps.ExecutedStepDescription@14cfd535
[Test worker] WARN net.thucydides.core.steps.BaseStepListener - stepFinished: current outcome:Try to login in that website:Given than anyer wants to join at Utest [Anyer open firts page [Anyer opens the Utest page], Anyer login [Anyer clicks on Button to join Utest form, Anyer enters 'anyer smith' into Input for name, Anyer enters 'Contreras Velez' into Input for last_name, Anyer enters 'anger011@gmail.com' into Input for email, Anyer select June on List to select month, Anyer select 2 on List to select day, Anyer select 1994 on List to select year, Anyer clicks on Button to go location form, Anyer types 'ENTER' in Input for city, Anyer enters '050012' into Input for zip]]
[Test worker] WARN net.thucydides.core.steps.BaseStepListener - stepStarted: net.thucydides.core.steps.ExecutedStepDescription@1379cdcf
[Test worker] WARN net.thucydides.core.steps.BaseStepListener - stepFinished: current outcome:Try to login in that website:Given than anyer wants to join at Utest [Anyer open firts page [Anyer opens the Utest page], Anyer login [Anyer clicks on Button to join Utest form, Anyer enters 'anyer smith' into Input for name, Anyer enters 'Contreras Velez' into Input for last_name, Anyer enters 'anger011@gmail.com' into Input for email, Anyer select June on List to select month, Anyer select 2 on List to select day, Anyer select 1994 on List to select year, Anyer clicks on Button to go location form, Anyer types 'ENTER' in Input for city, Anyer enters '050012' into Input for zip, Anyer clicks on button to go devices form]]
[Test worker] WARN net.thucydides.core.steps.BaseStepListener - stepStarted: net.thucydides.core.steps.ExecutedStepDescription@621c4d65
[Test worker] WARN net.thucydides.core.steps.BaseStepListener - stepFinished: current outcome:Try to login in that website:Given than anyer wants to join at Utest [Anyer open firts page [Anyer opens the Utest page], Anyer login [Anyer clicks on Button to join Utest form, Anyer enters 'anyer smith' into Input for name, Anyer enters 'Contreras Velez' into Input for last_name, Anyer enters 'anger011@gmail.com' into Input for email, Anyer select June on List to select month, Anyer select 2 on List to select day, Anyer select 1994 on List to select year, Anyer clicks on Button to go location form, Anyer types 'ENTER' in Input for city, Anyer enters '050012' into Input for zip, Anyer clicks on button to go devices form, Anyer types 'ENTER' in search device os]]
[Test worker] WARN net.thucydides.core.steps.BaseStepListener - stepStarted: net.thucydides.core.steps.ExecutedStepDescription@4306919d
[Test worker] WARN net.thucydides.core.steps.BaseStepListener - stepFinished: current outcome:Try to login in that website:Given than anyer wants to join at Utest [Anyer open firts page [Anyer opens the Utest page], Anyer login [Anyer clicks on Button to join Utest form, Anyer enters 'anyer smith' into Input for name, Anyer enters 'Contreras Velez' into Input for last_name, Anyer enters 'anger011@gmail.com' into Input for email, Anyer select June on List to select month, Anyer select 2 on List to select day, Anyer select 1994 on List to select year, Anyer clicks on Button to go location form, Anyer types 'ENTER' in Input for city, Anyer enters '050012' into Input for zip, Anyer clicks on button to go devices form, Anyer types 'ENTER' in search device os, Anyer types 'ENTER' in Search device version]]
[Test worker] WARN net.thucydides.core.steps.BaseStepListener - stepStarted: net.thucydides.core.steps.ExecutedStepDescription@53cfccd5
[Test worker] WARN net.thucydides.core.steps.BaseStepListener - stepFinished: current outcome:Try to login in that website:Given than anyer wants to join at Utest [Anyer open firts page [Anyer opens the Utest page], Anyer login [Anyer clicks on Button to join Utest form, Anyer enters 'anyer smith' into Input for name, Anyer enters 'Contreras Velez' into Input for last_name, Anyer enters 'anger011@gmail.com' into Input for email, Anyer select June on List to select month, Anyer select 2 on List to select day, Anyer select 1994 on List to select year, Anyer clicks on Button to go location form, Anyer types 'ENTER' in Input for city, Anyer enters '050012' into Input for zip, Anyer clicks on button to go devices form, Anyer types 'ENTER' in search device os, Anyer types 'ENTER' in Search device version, Anyer types 'ENTER' in Search device language]]
[Test worker] WARN net.thucydides.core.steps.BaseStepListener - stepStarted: net.thucydides.core.steps.ExecutedStepDescription@4768327d
[Test worker] WARN net.thucydides.core.steps.BaseStepListener - stepFinished: current outcome:Try to login in that website:Given than anyer wants to join at Utest [Anyer open firts page [Anyer opens the Utest page], Anyer login [Anyer clicks on Button to join Utest form, Anyer enters 'anyer smith' into Input for name, Anyer enters 'Contreras Velez' into Input for last_name, Anyer enters 'anger011@gmail.com' into Input for email, Anyer select June on List to select month, Anyer select 2 on List to select day, Anyer select 1994 on List to select year, Anyer clicks on Button to go location form, Anyer types 'ENTER' in Input for city, Anyer enters '050012' into Input for zip, Anyer clicks on button to go devices form, Anyer types 'ENTER' in search device os, Anyer types 'ENTER' in Search device version, Anyer types 'ENTER' in Search device language, Anyer clicks on button to go last form]]
[Test worker] WARN net.thucydides.core.steps.BaseStepListener - stepStarted: net.thucydides.core.steps.ExecutedStepDescription@5f7f7124
[Test worker] WARN net.thucydides.core.steps.BaseStepListener - stepFinished: current outcome:Try to login in that website:Given than anyer wants to join at Utest [Anyer open firts page [Anyer opens the Utest page], Anyer login [Anyer clicks on Button to join Utest form, Anyer enters 'anyer smith' into Input for name, Anyer enters 'Contreras Velez' into Input for last_name, Anyer enters 'anger011@gmail.com' into Input for email, Anyer select June on List to select month, Anyer select 2 on List to select day, Anyer select 1994 on List to select year, Anyer clicks on Button to go location form, Anyer types 'ENTER' in Input for city, Anyer enters '050012' into Input for zip, Anyer clicks on button to go devices form, Anyer types 'ENTER' in search device os, Anyer types 'ENTER' in Search device version, Anyer types 'ENTER' in Search device language, Anyer clicks on button to go last form, Anyer enters 'Angersito312' into Input for PASS]]
[Test worker] WARN net.thucydides.core.steps.BaseStepListener - stepStarted: net.thucydides.core.steps.ExecutedStepDescription@3cf96608
[Test worker] WARN net.thucydides.core.steps.BaseStepListener - stepFinished: current outcome:Try to login in that website:Given than anyer wants to join at Utest [Anyer open firts page [Anyer opens the Utest page], Anyer login [Anyer clicks on Button to join Utest form, Anyer enters 'anyer smith' into Input for name, Anyer enters 'Contreras Velez' into Input for last_name, Anyer enters 'anger011@gmail.com' into Input for email, Anyer select June on List to select month, Anyer select 2 on List to select day, Anyer select 1994 on List to select year, Anyer clicks on Button to go location form, Anyer types 'ENTER' in Input for city, Anyer enters '050012' into Input for zip, Anyer clicks on button to go devices form, Anyer types 'ENTER' in search device os, Anyer types 'ENTER' in Search device version, Anyer types 'ENTER' in Search device language, Anyer clicks on button to go last form, Anyer enters 'Angersito312' into Input for PASS, Anyer enters 'Angersito312' into Input TO CONFIRM PASS]]
[Test worker] WARN net.thucydides.core.steps.BaseStepListener - stepStarted: net.thucydides.core.steps.ExecutedStepDescription@7e458067
[Test worker] WARN net.thucydides.core.steps.BaseStepListener - stepFinished: current outcome:Try to login in that website:Given than anyer wants to join at Utest [Anyer open firts page [Anyer opens the Utest page], Anyer login [Anyer clicks on Button to join Utest form, Anyer enters 'anyer smith' into Input for name, Anyer enters 'Contreras Velez' into Input for last_name, Anyer enters 'anger011@gmail.com' into Input for email, Anyer select June on List to select month, Anyer select 2 on List to select day, Anyer select 1994 on List to select year, Anyer clicks on Button to go location form, Anyer types 'ENTER' in Input for city, Anyer enters '050012' into Input for zip, Anyer clicks on button to go devices form, Anyer types 'ENTER' in search device os, Anyer types 'ENTER' in Search device version, Anyer types 'ENTER' in Search device language, Anyer clicks on button to go last form, Anyer enters 'Angersito312' into Input for PASS, Anyer enters 'Angersito312' into Input TO CONFIRM PASS, Anyer clicks on Check to confirm terms]]
[Test worker] WARN net.thucydides.core.steps.BaseStepListener - stepStarted: net.thucydides.core.steps.ExecutedStepDescription@5a30dc27
[Test worker] WARN net.thucydides.core.steps.BaseStepListener - stepFinished: current outcome:Try to login in that website:Given than anyer wants to join at Utest [Anyer open firts page [Anyer opens the Utest page], Anyer login [Anyer clicks on Button to join Utest form, Anyer enters 'anyer smith' into Input for name, Anyer enters 'Contreras Velez' into Input for last_name, Anyer enters 'anger011@gmail.com' into Input for email, Anyer select June on List to select month, Anyer select 2 on List to select day, Anyer select 1994 on List to select year, Anyer clicks on Button to go location form, Anyer types 'ENTER' in Input for city, Anyer enters '050012' into Input for zip, Anyer clicks on button to go devices form, Anyer types 'ENTER' in search device os, Anyer types 'ENTER' in Search device version, Anyer types 'ENTER' in Search device language, Anyer clicks on button to go last form, Anyer enters 'Angersito312' into Input for PASS, Anyer enters 'Angersito312' into Input TO CONFIRM PASS, Anyer clicks on Check to confirm terms, Anyer clicks on Check to confirm privacy]]
[Test worker] WARN net.thucydides.core.steps.BaseStepListener - stepStarted: net.thucydides.core.steps.ExecutedStepDescription@7c152ccf
[Test worker] WARN net.thucydides.core.steps.BaseStepListener - stepFinished: current outcome:Try to login in that website:Given than anyer wants to join at Utest [Anyer open firts page [Anyer opens the Utest page], Anyer login [Anyer clicks on Button to join Utest form, Anyer enters 'anyer smith' into Input for name, Anyer enters 'Contreras Velez' into Input for last_name, Anyer enters 'anger011@gmail.com' into Input for email, Anyer select June on List to select month, Anyer select 2 on List to select day, Anyer select 1994 on List to select year, Anyer clicks on Button to go location form, Anyer types 'ENTER' in Input for city, Anyer enters '050012' into Input for zip, Anyer clicks on button to go devices form, Anyer types 'ENTER' in search device os, Anyer types 'ENTER' in Search device version, Anyer types 'ENTER' in Search device language, Anyer clicks on button to go last form, Anyer enters 'Angersito312' into Input for PASS, Anyer enters 'Angersito312' into Input TO CONFIRM PASS, Anyer clicks on Check to confirm terms, Anyer clicks on Check to confirm privacy, Anyer clicks on button to go complete form]]
[Test worker] WARN net.thucydides.core.steps.BaseStepListener - stepFinished: current outcome:Try to login in that website:Given than anyer wants to join at Utest [Anyer open firts page [Anyer opens the Utest page], Anyer login [Anyer clicks on Button to join Utest form, Anyer enters 'anyer smith' into Input for name, Anyer enters 'Contreras Velez' into Input for last_name, Anyer enters 'anger011@gmail.com' into Input for email, Anyer select June on List to select month, Anyer select 2 on List to select day, Anyer select 1994 on List to select year, Anyer clicks on Button to go location form, Anyer types 'ENTER' in Input for city, Anyer enters '050012' into Input for zip, Anyer clicks on button to go devices form, Anyer types 'ENTER' in search device os, Anyer types 'ENTER' in Search device version, Anyer types 'ENTER' in Search device language, Anyer clicks on button to go last form, Anyer enters 'Angersito312' into Input for PASS, Anyer enters 'Angersito312' into Input TO CONFIRM PASS, Anyer clicks on Check to confirm terms, Anyer clicks on Check to confirm privacy, Anyer clicks on button to go complete form]]
[Test worker] WARN net.thucydides.core.steps.BaseStepListener - stepFinished: current outcome:Try to login in that website:Given than anyer wants to join at Utest [Anyer open firts page [Anyer opens the Utest page], Anyer login [Anyer clicks on Button to join Utest form, Anyer enters 'anyer smith' into Input for name, Anyer enters 'Contreras Velez' into Input for last_name, Anyer enters 'anger011@gmail.com' into Input for email, Anyer select June on List to select month, Anyer select 2 on List to select day, Anyer select 1994 on List to select year, Anyer clicks on Button to go location form, Anyer types 'ENTER' in Input for city, Anyer enters '050012' into Input for zip, Anyer clicks on button to go devices form, Anyer types 'ENTER' in search device os, Anyer types 'ENTER' in Search device version, Anyer types 'ENTER' in Search device language, Anyer clicks on button to go last form, Anyer enters 'Angersito312' into Input for PASS, Anyer enters 'Angersito312' into Input TO CONFIRM PASS, Anyer clicks on Check to confirm terms, Anyer clicks on Check to confirm privacy, Anyer clicks on button to go complete form]]
[Test worker] WARN net.thucydides.core.steps.BaseStepListener - stepStarted: net.thucydides.core.steps.ExecutedStepDescription@2b42705e
[Test worker] WARN net.thucydides.core.steps.BaseStepListener - stepStarted: net.thucydides.core.steps.ExecutedStepDescription@5a5d4dcd
[Test worker] WARN net.thucydides.core.steps.BaseStepListener - stepStarted: net.thucydides.core.steps.ExecutedStepDescription@5c5058bf
[Test worker] WARN net.thucydides.core.steps.BaseStepListener - stepFinished: current outcome:Try to login in that website:Given than anyer wants to join at Utest [Anyer open firts page [Anyer opens the Utest page], Anyer login [Anyer clicks on Button to join Utest form, Anyer enters 'anyer smith' into Input for name, Anyer enters 'Contreras Velez' into Input for last_name, Anyer enters 'anger011@gmail.com' into Input for email, Anyer select June on List to select month, Anyer select 2 on List to select day, Anyer select 1994 on List to select year, Anyer clicks on Button to go location form, Anyer types 'ENTER' in Input for city, Anyer enters '050012' into Input for zip, Anyer clicks on button to go devices form, Anyer types 'ENTER' in search device os, Anyer types 'ENTER' in Search device version, Anyer types 'ENTER' in Search device language, Anyer clicks on button to go last form, Anyer enters 'Angersito312' into Input for PASS, Anyer enters 'Angersito312' into Input TO CONFIRM PASS, Anyer clicks on Check to confirm terms, Anyer clicks on Check to confirm privacy, Anyer clicks on button to go complete form]], When See what i will do there [Anyer sig in [Anyer opens the Utest sig in page]]
[Test worker] WARN net.thucydides.core.steps.BaseStepListener - stepFinished: current outcome:Try to login in that website:Given than anyer wants to join at Utest [Anyer open firts page [Anyer opens the Utest page], Anyer login [Anyer clicks on Button to join Utest form, Anyer enters 'anyer smith' into Input for name, Anyer enters 'Contreras Velez' into Input for last_name, Anyer enters 'anger011@gmail.com' into Input for email, Anyer select June on List to select month, Anyer select 2 on List to select day, Anyer select 1994 on List to select year, Anyer clicks on Button to go location form, Anyer types 'ENTER' in Input for city, Anyer enters '050012' into Input for zip, Anyer clicks on button to go devices form, Anyer types 'ENTER' in search device os, Anyer types 'ENTER' in Search device version, Anyer types 'ENTER' in Search device language, Anyer clicks on button to go last form, Anyer enters 'Angersito312' into Input for PASS, Anyer enters 'Angersito312' into Input TO CONFIRM PASS, Anyer clicks on Check to confirm terms, Anyer clicks on Check to confirm privacy, Anyer clicks on button to go complete form]], When See what i will do there [Anyer sig in [Anyer opens the Utest sig in page]]
[Test worker] WARN net.thucydides.core.steps.BaseStepListener - stepStarted: net.thucydides.core.steps.ExecutedStepDescription@3b5a4245
[Test worker] WARN net.thucydides.core.steps.BaseStepListener - stepFinished: current outcome:Try to login in that website:Given than anyer wants to join at Utest [Anyer open firts page [Anyer opens the Utest page], Anyer login [Anyer clicks on Button to join Utest form, Anyer enters 'anyer smith' into Input for name, Anyer enters 'Contreras Velez' into Input for last_name, Anyer enters 'anger011@gmail.com' into Input for email, Anyer select June on List to select month, Anyer select 2 on List to select day, Anyer select 1994 on List to select year, Anyer clicks on Button to go location form, Anyer types 'ENTER' in Input for city, Anyer enters '050012' into Input for zip, Anyer clicks on button to go devices form, Anyer types 'ENTER' in search device os, Anyer types 'ENTER' in Search device version, Anyer types 'ENTER' in Search device language, Anyer clicks on button to go last form, Anyer enters 'Angersito312' into Input for PASS, Anyer enters 'Angersito312' into Input TO CONFIRM PASS, Anyer clicks on Check to confirm terms, Anyer clicks on Check to confirm privacy, Anyer clicks on button to go complete form]], When See what i will do there [Anyer sig in [Anyer opens the Utest sig in page], Anyer utest sig in]
[Test worker] WARN net.thucydides.core.steps.BaseStepListener - stepStarted: net.thucydides.core.steps.ExecutedStepDescription@43f6ae70
[Test worker] WARN net.thucydides.core.steps.BaseStepListener - stepStarted: net.thucydides.core.steps.ExecutedStepDescription@3c0e07ff
[Test worker] WARN net.thucydides.core.steps.BaseStepListener - stepFinished: current outcome:Try to login in that website:Given than anyer wants to join at Utest [Anyer open firts page [Anyer opens the Utest page], Anyer login [Anyer clicks on Button to join Utest form, Anyer enters 'anyer smith' into Input for name, Anyer enters 'Contreras Velez' into Input for last_name, Anyer enters 'anger011@gmail.com' into Input for email, Anyer select June on List to select month, Anyer select 2 on List to select day, Anyer select 1994 on List to select year, Anyer clicks on Button to go location form, Anyer types 'ENTER' in Input for city, Anyer enters '050012' into Input for zip, Anyer clicks on button to go devices form, Anyer types 'ENTER' in search device os, Anyer types 'ENTER' in Search device version, Anyer types 'ENTER' in Search device language, Anyer clicks on button to go last form, Anyer enters 'Angersito312' into Input for PASS, Anyer enters 'Angersito312' into Input TO CONFIRM PASS, Anyer clicks on Check to confirm terms, Anyer clicks on Check to confirm privacy, Anyer clicks on button to go complete form]], When See what i will do there [Anyer sig in [Anyer opens the Utest sig in page], Anyer utest sig in, Anyer sing [Anyer enters 'Anger014@gmail.com' into Input to add username]]
[Test worker] WARN net.thucydides.core.steps.BaseStepListener - stepStarted: net.thucydides.core.steps.ExecutedStepDescription@6fb7a1dd
[Test worker] WARN net.thucydides.core.steps.BaseStepListener - stepFinished: current outcome:Try to login in that website:Given than anyer wants to join at Utest [Anyer open firts page [Anyer opens the Utest page], Anyer login [Anyer clicks on Button to join Utest form, Anyer enters 'anyer smith' into Input for name, Anyer enters 'Contreras Velez' into Input for last_name, Anyer enters 'anger011@gmail.com' into Input for email, Anyer select June on List to select month, Anyer select 2 on List to select day, Anyer select 1994 on List to select year, Anyer clicks on Button to go location form, Anyer types 'ENTER' in Input for city, Anyer enters '050012' into Input for zip, Anyer clicks on button to go devices form, Anyer types 'ENTER' in search device os, Anyer types 'ENTER' in Search device version, Anyer types 'ENTER' in Search device language, Anyer clicks on button to go last form, Anyer enters 'Angersito312' into Input for PASS, Anyer enters 'Angersito312' into Input TO CONFIRM PASS, Anyer clicks on Check to confirm terms, Anyer clicks on Check to confirm privacy, Anyer clicks on button to go complete form]], When See what i will do there [Anyer sig in [Anyer opens the Utest sig in page], Anyer utest sig in, Anyer sing [Anyer enters 'Anger014@gmail.com' into Input to add username, Anyer enters 'Angersito312' into Input to add password]]
[Test worker] WARN net.thucydides.core.steps.BaseStepListener - stepStarted: net.thucydides.core.steps.ExecutedStepDescription@8bfed18
[Test worker] WARN net.thucydides.core.steps.BaseStepListener - stepFinished: current outcome:Try to login in that website:Given than anyer wants to join at Utest [Anyer open firts page [Anyer opens the Utest page], Anyer login [Anyer clicks on Button to join Utest form, Anyer enters 'anyer smith' into Input for name, Anyer enters 'Contreras Velez' into Input for last_name, Anyer enters 'anger011@gmail.com' into Input for email, Anyer select June on List to select month, Anyer select 2 on List to select day, Anyer select 1994 on List to select year, Anyer clicks on Button to go location form, Anyer types 'ENTER' in Input for city, Anyer enters '050012' into Input for zip, Anyer clicks on button to go devices form, Anyer types 'ENTER' in search device os, Anyer types 'ENTER' in Search device version, Anyer types 'ENTER' in Search device language, Anyer clicks on button to go last form, Anyer enters 'Angersito312' into Input for PASS, Anyer enters 'Angersito312' into Input TO CONFIRM PASS, Anyer clicks on Check to confirm terms, Anyer clicks on Check to confirm privacy, Anyer clicks on button to go complete form]], When See what i will do there [Anyer sig in [Anyer opens the Utest sig in page], Anyer utest sig in, Anyer sing [Anyer enters 'Anger014@gmail.com' into Input to add username, Anyer enters 'Angersito312' into Input to add password, Anyer clicks on CHECK REMEMBER ME]]
[Test worker] WARN net.thucydides.core.steps.BaseStepListener - stepStarted: net.thucydides.core.steps.ExecutedStepDescription@48fbc0e7
[Test worker] WARN net.thucydides.core.steps.BaseStepListener - stepFinished: current outcome:Try to login in that website:Given than anyer wants to join at Utest [Anyer open firts page [Anyer opens the Utest page], Anyer login [Anyer clicks on Button to join Utest form, Anyer enters 'anyer smith' into Input for name, Anyer enters 'Contreras Velez' into Input for last_name, Anyer enters 'anger011@gmail.com' into Input for email, Anyer select June on List to select month, Anyer select 2 on List to select day, Anyer select 1994 on List to select year, Anyer clicks on Button to go location form, Anyer types 'ENTER' in Input for city, Anyer enters '050012' into Input for zip, Anyer clicks on button to go devices form, Anyer types 'ENTER' in search device os, Anyer types 'ENTER' in Search device version, Anyer types 'ENTER' in Search device language, Anyer clicks on button to go last form, Anyer enters 'Angersito312' into Input for PASS, Anyer enters 'Angersito312' into Input TO CONFIRM PASS, Anyer clicks on Check to confirm terms, Anyer clicks on Check to confirm privacy, Anyer clicks on button to go complete form]], When See what i will do there [Anyer sig in [Anyer opens the Utest sig in page], Anyer utest sig in, Anyer sing [Anyer enters 'Anger014@gmail.com' into Input to add username, Anyer enters 'Angersito312' into Input to add password, Anyer clicks on CHECK REMEMBER ME, Anyer clicks on SUBMIT]]
[Test worker] WARN net.thucydides.core.steps.BaseStepListener - stepFinished: current outcome:Try to login in that website:Given than anyer wants to join at Utest [Anyer open firts page [Anyer opens the Utest page], Anyer login [Anyer clicks on Button to join Utest form, Anyer enters 'anyer smith' into Input for name, Anyer enters 'Contreras Velez' into Input for last_name, Anyer enters 'anger011@gmail.com' into Input for email, Anyer select June on List to select month, Anyer select 2 on List to select day, Anyer select 1994 on List to select year, Anyer clicks on Button to go location form, Anyer types 'ENTER' in Input for city, Anyer enters '050012' into Input for zip, Anyer clicks on button to go devices form, Anyer types 'ENTER' in search device os, Anyer types 'ENTER' in Search device version, Anyer types 'ENTER' in Search device language, Anyer clicks on button to go last form, Anyer enters 'Angersito312' into Input for PASS, Anyer enters 'Angersito312' into Input TO CONFIRM PASS, Anyer clicks on Check to confirm terms, Anyer clicks on Check to confirm privacy, Anyer clicks on button to go complete form]], When See what i will do there [Anyer sig in [Anyer opens the Utest sig in page], Anyer utest sig in, Anyer sing [Anyer enters 'Anger014@gmail.com' into Input to add username, Anyer enters 'Angersito312' into Input to add password, Anyer clicks on CHECK REMEMBER ME, Anyer clicks on SUBMIT]]
[Test worker] WARN net.thucydides.core.steps.BaseStepListener - stepFinished: current outcome:Try to login in that website:Given than anyer wants to join at Utest [Anyer open firts page [Anyer opens the Utest page], Anyer login [Anyer clicks on Button to join Utest form, Anyer enters 'anyer smith' into Input for name, Anyer enters 'Contreras Velez' into Input for last_name, Anyer enters 'anger011@gmail.com' into Input for email, Anyer select June on List to select month, Anyer select 2 on List to select day, Anyer select 1994 on List to select year, Anyer clicks on Button to go location form, Anyer types 'ENTER' in Input for city, Anyer enters '050012' into Input for zip, Anyer clicks on button to go devices form, Anyer types 'ENTER' in search device os, Anyer types 'ENTER' in Search device version, Anyer types 'ENTER' in Search device language, Anyer clicks on button to go last form, Anyer enters 'Angersito312' into Input for PASS, Anyer enters 'Angersito312' into Input TO CONFIRM PASS, Anyer clicks on Check to confirm terms, Anyer clicks on Check to confirm privacy, Anyer clicks on button to go complete form]], When See what i will do there [Anyer sig in [Anyer opens the Utest sig in page], Anyer utest sig in, Anyer sing [Anyer enters 'Anger014@gmail.com' into Input to add username, Anyer enters 'Angersito312' into Input to add password, Anyer clicks on CHECK REMEMBER ME, Anyer clicks on SUBMIT]]
[Test worker] WARN net.thucydides.core.steps.BaseStepListener - stepStarted: net.thucydides.core.steps.ExecutedStepDescription@1589fdb4
[Test worker] WARN net.thucydides.core.steps.BaseStepListener - stepFinished: current outcome:Try to login in that website:Given than anyer wants to join at Utest [Anyer open firts page [Anyer opens the Utest page], Anyer login [Anyer clicks on Button to join Utest form, Anyer enters 'anyer smith' into Input for name, Anyer enters 'Contreras Velez' into Input for last_name, Anyer enters 'anger011@gmail.com' into Input for email, Anyer select June on List to select month, Anyer select 2 on List to select day, Anyer select 1994 on List to select year, Anyer clicks on Button to go location form, Anyer types 'ENTER' in Input for city, Anyer enters '050012' into Input for zip, Anyer clicks on button to go devices form, Anyer types 'ENTER' in search device os, Anyer types 'ENTER' in Search device version, Anyer types 'ENTER' in Search device language, Anyer clicks on button to go last form, Anyer enters 'Angersito312' into Input for PASS, Anyer enters 'Angersito312' into Input TO CONFIRM PASS, Anyer clicks on Check to confirm terms, Anyer clicks on Check to confirm privacy, Anyer clicks on button to go complete form]], When See what i will do there [Anyer sig in [Anyer opens the Utest sig in page], Anyer utest sig in, Anyer sing [Anyer enters 'Anger014@gmail.com' into Input to add username, Anyer enters 'Angersito312' into Input to add password, Anyer clicks on CHECK REMEMBER ME, Anyer clicks on SUBMIT]], Then find something
[Test worker] WARN net.thucydides.core.steps.BaseStepListener - testFinished: Try to login in that website:Given than anyer wants to join at Utest [Anyer open firts page [Anyer opens the Utest page], Anyer login [Anyer clicks on Button to join Utest form, Anyer enters 'anyer smith' into Input for name, Anyer enters 'Contreras Velez' into Input for last_name, Anyer enters 'anger011@gmail.com' into Input for email, Anyer select June on List to select month, Anyer select 2 on List to select day, Anyer select 1994 on List to select year, Anyer clicks on Button to go location form, Anyer types 'ENTER' in Input for city, Anyer enters '050012' into Input for zip, Anyer clicks on button to go devices form, Anyer types 'ENTER' in search device os, Anyer types 'ENTER' in Search device version, Anyer types 'ENTER' in Search device language, Anyer clicks on button to go last form, Anyer enters 'Angersito312' into Input for PASS, Anyer enters 'Angersito312' into Input TO CONFIRM PASS, Anyer clicks on Check to confirm terms, Anyer clicks on Check to confirm privacy, Anyer clicks on button to go complete form]], When See what i will do there [Anyer sig in [Anyer opens the Utest sig in page], Anyer utest sig in, Anyer sing [Anyer enters 'Anger014@gmail.com' into Input to add username, Anyer enters 'Angersito312' into Input to add password, Anyer clicks on CHECK REMEMBER ME, Anyer clicks on SUBMIT]], Then find something
[Test worker] WARN net.thucydides.core.steps.BaseStepListener - TestOutcomes: [Try to login in that website:Given than anyer wants to join at Utest [Anyer open firts page [Anyer opens the Utest page], Anyer login [Anyer clicks on Button to join Utest form, Anyer enters 'anyer smith' into Input for name, Anyer enters 'Contreras Velez' into Input for last_name, Anyer enters 'anger011@gmail.com' into Input for email, Anyer select June on List to select month, Anyer select 2 on List to select day, Anyer select 1994 on List to select year, Anyer clicks on Button to go location form, Anyer types 'ENTER' in Input for city, Anyer enters '050012' into Input for zip, Anyer clicks on button to go devices form, Anyer types 'ENTER' in search device os, Anyer types 'ENTER' in Search device version, Anyer types 'ENTER' in Search device language, Anyer clicks on button to go last form, Anyer enters 'Angersito312' into Input for PASS, Anyer enters 'Angersito312' into Input TO CONFIRM PASS, Anyer clicks on Check to confirm terms, Anyer clicks on Check to confirm privacy, Anyer clicks on button to go complete form]], When See what i will do there [Anyer sig in [Anyer opens the Utest sig in page], Anyer utest sig in, Anyer sing [Anyer enters 'Anger014@gmail.com' into Input to add username, Anyer enters 'Angersito312' into Input to add password, Anyer clicks on CHECK REMEMBER ME, Anyer clicks on SUBMIT]], Then find something]
[Test worker] WARN net.thucydides.core.steps.BaseStepListener - Final testOutcomes: [Try to login in that website:Given than anyer wants to join at Utest [Anyer open firts page [Anyer opens the Utest page], Anyer login [Anyer clicks on Button to join Utest form, Anyer enters 'anyer smith' into Input for name, Anyer enters 'Contreras Velez' into Input for last_name, Anyer enters 'anger011@gmail.com' into Input for email, Anyer select June on List to select month, Anyer select 2 on List to select day, Anyer select 1994 on List to select year, Anyer clicks on Button to go location form, Anyer types 'ENTER' in Input for city, Anyer enters '050012' into Input for zip, Anyer clicks on button to go devices form, Anyer types 'ENTER' in search device os, Anyer types 'ENTER' in Search device version, Anyer types 'ENTER' in Search device language, Anyer clicks on button to go last form, Anyer enters 'Angersito312' into Input for PASS, Anyer enters 'Angersito312' into Input TO CONFIRM PASS, Anyer clicks on Check to confirm terms, Anyer clicks on Check to confirm privacy, Anyer clicks on button to go complete form]], When See what i will do there [Anyer sig in [Anyer opens the Utest sig in page], Anyer utest sig in, Anyer sing [Anyer enters 'Anger014@gmail.com' into Input to add username, Anyer enters 'Angersito312' into Input to add password, Anyer clicks on CHECK REMEMBER ME, Anyer clicks on SUBMIT]], Then find something]
[Test worker] INFO net.thucydides.core.steps.ConsoleLoggingListener - 
        __    _____ _____ ____ _____   ____   _    ____  ____  _____ ____  
  _     \ \  |_   _| ____/ ___|_   _| |  _ \ / \  / ___|/ ___|| ____|  _ \ 
 (_)_____| |   | | |  _| \___ \ | |   | |_) / _ \ \___ \\___ \|  _| | | | |
  _|_____| |   | | | |___ ___) || |   |  __/ ___ \ ___) |___) | |___| |_| |
 (_)     | |   |_| |_____|____/ |_|   |_| /_/   \_\____/|____/|_____|____/ 
        /_/                                                                

TEST PASSED: Try to login in that website
----------------------------------------------------------------------------
]]></system-err>
</testsuite>
